<?xml version="1.0" encoding="UTF-8"?>
<!-- Generated by org.testng.reporters.JUnitXMLReporter -->
<testsuite ignored="0" hostname="BASAMMA" failures="1" tests="1" name="Test" time="4.64" errors="0" timestamp="2024-11-27T19:33:29 IST">
  <testcase classname="testClasses.LoginTest" name="logintestCase" time="0.026">
    <failure type="java.lang.NullPointerException" message="Cannot invoke &amp;quot;pageObjectClasses.HomePage.tapOnfirstRegButton()&amp;quot; because &amp;quot;this.hp&amp;quot; is null">
      <![CDATA[java.lang.NullPointerException: Cannot invoke "pageObjectClasses.HomePage.tapOnfirstRegButton()" because "this.hp" is null
at testClasses.RegisterTest.registerTestCase_001(RegisterTest.java:17)
at testClasses.LoginTest.logintestCase(LoginTest.java:12)
at java.base/java.util.ArrayList.forEach(ArrayList.java:1596)
... Removed 25 stack frames]]>
    </failure>
  </testcase> <!-- logintestCase -->
</testsuite> <!-- Test -->
